2020-07-27 15:42:14,644 INFO    : config: device type is android
2020-07-27 15:42:14,644 INFO    : config: device udid is 259976a6
2020-07-27 15:42:14,644 INFO    : config: execution mode is target
2020-07-27 15:42:14,644 INFO    : config: yaml config file is /Users/shifang/Code/sqkb/AppBeat/config/android_config_bak.yml
2020-07-27 15:42:14,649 INFO    : info : android app package startup ::: com.jzyd.coupon
2020-07-27 15:42:14,649 INFO    : info : appium url :: http://0.0.0.0:4723/wd/hub
2020-07-27 15:42:14,705 INFO    : info : current android sdk version is 28
2020-07-27 15:42:14,705 INFO    : info : uiautomator2 referred by appium
2020-07-27 15:42:21,537 INFO    : action : current window size is : {'width': 1080, 'height': 2030}
2020-07-27 15:42:21,537 INFO    : action : current window height is : 2030
2020-07-27 15:42:21,537 INFO    : action : current window height is : 1080
2020-07-27 15:42:21,538 INFO    : action : waiting for 5 seconds
2020-07-27 15:42:26,540 INFO    : action: get page source
2020-07-27 15:42:28,213 INFO    : {"LAUNCH": {"0": {"/hierarchy/android.widget.FrameLayout/android.widget.FrameLayout/android.widget.LinearLayout/android.widget.FrameLayout/android.widget.FrameLayout/android.widget.FrameLayout/android.widget.FrameLayout[1]/android.widget.FrameLayout/android.view.ViewGroup/android.widget.FrameLayout/androidx.recyclerview.widget.RecyclerView/android.view.ViewGroup[1]": {"bounds": [540, 269], "covered": false}, "/hierarchy/android.widget.FrameLayout/android.widget.FrameLayout/android.widget.LinearLayout/android.widget.FrameLayout/android.widget.FrameLayout/android.widget.FrameLayout/android.widget.FrameLayout[1]/android.widget.FrameLayout/android.view.ViewGroup/android.widget.FrameLayout/androidx.recyclerview.widget.RecyclerView/android.view.ViewGroup[2]": {"bounds": [540, 448], "covered": false}, "/hierarchy/android.widget.FrameLayout/android.widget.FrameLayout/android.widget.LinearLayout/android.widget.FrameLayout/android.widget.FrameLayout/android.widget.FrameLayout/android.widget.FrameLayout[1]/android.widget.FrameLayout/android.view.ViewGroup/android.widget.FrameLayout/androidx.recyclerview.widget.RecyclerView/android.view.ViewGroup[2]/android.view.ViewGroup[1]": {"bounds": [141, 445], "covered": false}}, "status": "todo", "roll_back_steps": ["LAUNCH"]}}
2020-07-27 15:42:28,213 INFO    : ------------------------------ step 1 ------------------------------
2020-07-27 15:42:28,213 INFO    : action : go to target page
2020-07-27 15:42:28,214 INFO    : go_to_target ::: target activity status is todo
2020-07-27 15:42:28,214 INFO    : action: get page source
2020-07-27 15:42:29,737 INFO    : action : confirm it is root page or not
2020-07-27 15:42:29,737 INFO    : info : same activity : same count is 45; benchmark is 31
2020-07-27 15:42:29,738 INFO    : info : current page is root page
2020-07-27 15:42:29,738 INFO    : 当前页面不是target页面
2020-07-27 15:42:29,738 INFO    : ------------------------------ step 2 ------------------------------
2020-07-27 15:42:29,739 INFO    : exe records is {"LAUNCH": {"0": {"/hierarchy/android.widget.FrameLayout/android.widget.FrameLayout/android.widget.LinearLayout/android.widget.FrameLayout/android.widget.FrameLayout/android.widget.FrameLayout/android.widget.FrameLayout[1]/android.widget.FrameLayout/android.view.ViewGroup/android.widget.FrameLayout/androidx.recyclerview.widget.RecyclerView/android.view.ViewGroup[1]": {"bounds": [540, 269], "covered": true, "timestamp": 1595835749739}, "/hierarchy/android.widget.FrameLayout/android.widget.FrameLayout/android.widget.LinearLayout/android.widget.FrameLayout/android.widget.FrameLayout/android.widget.FrameLayout/android.widget.FrameLayout[1]/android.widget.FrameLayout/android.view.ViewGroup/android.widget.FrameLayout/androidx.recyclerview.widget.RecyclerView/android.view.ViewGroup[2]": {"bounds": [540, 448], "covered": false}, "/hierarchy/android.widget.FrameLayout/android.widget.FrameLayout/android.widget.LinearLayout/android.widget.FrameLayout/android.widget.FrameLayout/android.widget.FrameLayout/android.widget.FrameLayout[1]/android.widget.FrameLayout/android.view.ViewGroup/android.widget.FrameLayout/androidx.recyclerview.widget.RecyclerView/android.view.ViewGroup[2]/android.view.ViewGroup[1]": {"bounds": [141, 445], "covered": false}}, "status": "todo", "roll_back_steps": ["LAUNCH"]}}
2020-07-27 15:42:29,739 INFO    : info : current focus bounds : (540, 269)
2020-07-27 15:42:29,740 INFO    : ------------------------------ step 3 ------------------------------
2020-07-27 15:42:29,740 INFO    : action : click by coordinate: x is 540, y is 269
2020-07-27 15:42:30,618 INFO    : action: create screen shot picture : /Users/shifang/Code/sqkb/AppBeat/output/259976a6_20200727154214/screen_shot/20200727154229.png
2020-07-27 15:42:31,837 INFO    : action : waiting for 1 seconds
2020-07-27 15:42:32,840 INFO    : ------------------------------ step 4 ------------------------------
2020-07-27 15:42:32,841 INFO    : action : app status update
2020-07-27 15:42:32,841 INFO    : action : get app status
2020-07-27 15:42:33,129 INFO    : info : app status code is 4
2020-07-27 15:42:33,129 INFO    : status : app works well
2020-07-27 15:42:33,129 INFO    : ------------------------------ step 1 ------------------------------
2020-07-27 15:42:33,129 INFO    : action : go to target page
2020-07-27 15:42:33,130 INFO    : go_to_target ::: target activity status is todo
2020-07-27 15:42:33,130 INFO    : action: get page source
2020-07-27 15:42:34,683 INFO    : action : confirm it is root page or not
2020-07-27 15:42:34,683 INFO    : info : diff activity : same count is 0; benchmark is 31
2020-07-27 15:42:34,684 INFO    : info : current page is not root page
2020-07-27 15:42:34,684 INFO    : info : diff activity : benchmark is 0
2020-07-27 15:42:34,684 INFO    : 当前页面不是target页面
2020-07-27 15:42:34,684 INFO    : action: back to root page
2020-07-27 15:42:34,685 INFO    : action : press back count is 3
2020-07-27 15:42:34,685 INFO    : action : press back
2020-07-27 15:42:34,938 INFO    : action: get page source
2020-07-27 15:42:35,180 INFO    : action : confirm it is root page or not
2020-07-27 15:42:35,180 INFO    : info : diff activity : same count is 0; benchmark is 31
2020-07-27 15:42:35,180 INFO    : info : current page is not root page
2020-07-27 15:42:35,181 INFO    : action: back to root page
2020-07-27 15:42:35,181 INFO    : action : press back count is 2
2020-07-27 15:42:35,181 INFO    : action : press back
2020-07-27 15:42:35,918 INFO    : action: get page source
2020-07-27 15:42:36,949 INFO    : action : confirm it is root page or not
2020-07-27 15:42:36,949 INFO    : info : same activity : same count is 44; benchmark is 31
2020-07-27 15:42:36,950 INFO    : info : current page is root page
2020-07-27 15:42:36,950 INFO    : info : back to root successfully
2020-07-27 15:42:36,950 INFO    : ------------------------------ step 2 ------------------------------
2020-07-27 15:42:36,950 INFO    : exe records is {"LAUNCH": {"0": {"/hierarchy/android.widget.FrameLayout/android.widget.FrameLayout/android.widget.LinearLayout/android.widget.FrameLayout/android.widget.FrameLayout/android.widget.FrameLayout/android.widget.FrameLayout[1]/android.widget.FrameLayout/android.view.ViewGroup/android.widget.FrameLayout/androidx.recyclerview.widget.RecyclerView/android.view.ViewGroup[1]": {"bounds": [540, 269], "covered": true, "timestamp": 1595835749739}, "/hierarchy/android.widget.FrameLayout/android.widget.FrameLayout/android.widget.LinearLayout/android.widget.FrameLayout/android.widget.FrameLayout/android.widget.FrameLayout/android.widget.FrameLayout[1]/android.widget.FrameLayout/android.view.ViewGroup/android.widget.FrameLayout/androidx.recyclerview.widget.RecyclerView/android.view.ViewGroup[2]": {"bounds": [540, 448], "covered": true, "timestamp": 1595835756951}, "/hierarchy/android.widget.FrameLayout/android.widget.FrameLayout/android.widget.LinearLayout/android.widget.FrameLayout/android.widget.FrameLayout/android.widget.FrameLayout/android.widget.FrameLayout[1]/android.widget.FrameLayout/android.view.ViewGroup/android.widget.FrameLayout/androidx.recyclerview.widget.RecyclerView/android.view.ViewGroup[2]/android.view.ViewGroup[1]": {"bounds": [141, 445], "covered": false}}, "status": "todo", "roll_back_steps": ["LAUNCH"]}}
2020-07-27 15:42:36,950 INFO    : info : current focus bounds : (540, 448)
2020-07-27 15:42:36,951 INFO    : ------------------------------ step 3 ------------------------------
2020-07-27 15:42:36,951 INFO    : action : click by coordinate: x is 540, y is 448
2020-07-27 15:42:37,950 INFO    : action: create screen shot picture : /Users/shifang/Code/sqkb/AppBeat/output/259976a6_20200727154214/screen_shot/20200727154236.png
2020-07-27 15:42:38,184 INFO    : action : waiting for 1 seconds
2020-07-27 15:42:39,188 INFO    : ------------------------------ step 4 ------------------------------
2020-07-27 15:42:39,188 INFO    : action : app status update
2020-07-27 15:42:39,188 INFO    : action : get app status
2020-07-27 15:42:39,224 INFO    : KeyboardInterrupt caught. Program Stopped Manually
2020-07-27 15:42:39,224 INFO    : DONE
2020-07-27 15:42:39,224 INFO    : start to generate video
2020-07-27 15:42:39,224 INFO    : ({'width': 1080, 'height': 2030}, 2030, 1080)
2020-07-27 15:42:39,224 INFO    : video start
2020-07-27 15:42:39,285 INFO    : video end
2020-07-27 15:42:39,285 INFO    : video generated : /Users/shifang/Code/sqkb/AppBeat/output/259976a6_20200727154214/screen_shot/20200727154214.avi
2020-07-27 15:42:39,285 INFO    : start to generate video
2020-07-27 15:42:39,285 INFO    : ({'width': 1080, 'height': 2030}, 2030, 1080)
2020-07-27 15:42:39,285 INFO    : video start
2020-07-27 15:42:39,339 INFO    : video end
2020-07-27 15:42:39,339 INFO    : video generated : /Users/shifang/Code/sqkb/AppBeat/output/259976a6_20200727154214/screen_shot/20200727154214.avi
2020-07-27 15:42:39,339 INFO    : DONE
